3 | It was a moment marked by understanding others.
1 | They experienced understanding others in a quiet moment.
4 | A sudden feeling of sympathy filled their heart.
14 | There was a clear sense of compassion throughout the day.
15 | Everyone noticed the expressed sadness in that moment.
16 | They experienced sad in a quiet moment.
17 | They struggled with sign of hope but tried to stay composed.
21 | They struggled with peace of mind but tried to stay composed.
22 | You could sense the expressed hope in their voice.
25 | They struggled with felt sympathy but tried to stay composed.
26 | They struggled with understanding others but tried to stay composed.
28 | They experienced understanding others in a quiet moment.
31 | They experienced delight in a quiet moment.
32 | A sudden feeling of sign of hope filled their heart.
33 | They struggled with public anger but tried to stay composed.
38 | They struggled with grateful but tried to stay composed.
39 | You could sense the understanding others in their voice.
48 | They struggled with terrified but tried to stay composed.
51 | They struggled with human connection but tried to stay composed.
53 | It reflected a genuine feeling of understanding others.
54 | They struggled with connectedness but tried to stay composed.
65 | The situation brought out deep connectedness.
68 | They struggled with felt sympathy but tried to stay composed.
76 | They experienced understanding others in a quiet moment.
79 | They struggled with sympathy but tried to stay composed.
84 | There was a clear sense of expressed hope throughout the day.
85 | It was a moment marked by thankful.
90 | The situation brought out deep empathy.
93 | The situation brought out deep lonely.
94 | Everyone noticed the understanding others in that moment.
100 | It reflected a genuine feeling of grateful.
103 | They struggled with thankful but tried to stay composed.
104 | It reflected a genuine feeling of happy.
108 | They struggled with expressed fear but tried to stay composed.
110 | A sudden feeling of empathy filled their heart.
111 | You could sense the empathy in their voice.
119 | There was a clear sense of gratitude throughout the day.
122 | There was a clear sense of sign of hope throughout the day.
123 | They experienced inner peace in a quiet moment.
125 | You could sense the felt sympathy in their voice.
130 | You could sense the sad in their voice.
131 | The situation brought out deep connectedness.
138 | They struggled with fear but tried to stay composed.
139 | They experienced heartbroken in a quiet moment.
140 | A sudden feeling of sense of awe filled their heart.
141 | There was a clear sense of gratitude throughout the day.
142 | They struggled with mourning but tried to stay composed.
147 | They struggled with mercy but tried to stay composed.
150 | You could sense the expressed hope in their voice.
158 | The situation brought out deep letting go.
159 | It reflected a genuine feeling of human connection.
160 | They struggled with grateful but tried to stay composed.
162 | They experienced expressed joy in a quiet moment.
173 | They struggled with letting go but tried to stay composed.
174 | The situation brought out deep compassionate.
178 | That experience left them with lasting sympathy.
181 | They struggled with mercy but tried to stay composed.
182 | That experience left them with lasting grateful.
198 | They struggled with public anger but tried to stay composed.
200 | The situation brought out deep connectedness.
202 | It reflected a genuine feeling of deeply moved.
203 | There was a clear sense of understanding others throughout the day.
204 | They struggled with frightened but tried to stay composed.
205 | You could sense the lonely in their voice.
208 | That experience left them with lasting sympathy.
209 | You could sense the sign of hope in their voice.
211 | They struggled with delight but tried to stay composed.
213 | They struggled with sympathy but tried to stay composed.
215 | They struggled with calmness but tried to stay composed.
216 | They struggled with remorse but tried to stay composed.
227 | A sudden feeling of empathy filled their heart.
231 | They struggled with celebration but tried to stay composed.
239 | They experienced understanding others in a quiet moment.
240 | Everyone noticed the compassion in that moment.
241 | A sudden feeling of understanding others filled their heart.
249 | You could sense the delight in their voice.
250 | It was a moment marked by lonely.
251 | You could sense the calmness in their voice.
254 | They struggled with outrage but tried to stay composed.
260 | They struggled with regret but tried to stay composed.
265 | They struggled with lonely but tried to stay composed.
271 | Everyone noticed the empathy in that moment.
273 | They struggled with angry but tried to stay composed.
279 | They struggled with thankful but tried to stay composed.
280 | You could sense the expressed hope in their voice.
281 | A sudden feeling of fear filled their heart.
284 | The situation brought out deep thankful.
286 | Everyone noticed the understanding others in that moment.
296 | You could sense the happiness in their voice.
297 | They struggled with social isolation but tried to stay composed.
300 | It reflected a genuine feeling of sign of hope.
301 | It was a moment marked by felt sympathy.
303 | They struggled with awe but tried to stay composed.
305 | Everyone noticed the terrified in that moment.
306 | Everyone noticed the grateful in that moment.
311 | They struggled with expressed anger but tried to stay composed.
314 | They struggled with compassionate but tried to stay composed.
318 | A sudden feeling of human connection filled their heart.
319 | There was a clear sense of sympathy throughout the day.
325 | They experienced sympathy in a quiet moment.
327 | They experienced expressed joy in a quiet moment.
328 | You could sense the happiness in their voice.
330 | They struggled with understanding others but tried to stay composed.
332 | Everyone noticed the mercy in that moment.
334 | There was a clear sense of heartbroken throughout the day.
335 | That experience left them with lasting grateful.
337 | They struggled with regret but tried to stay composed.
339 | They struggled with lonely but tried to stay composed.
342 | The situation brought out deep understanding others.
351 | The situation brought out deep regret.
352 | They struggled with compassion but tried to stay composed.
359 | They struggled with compassion but tried to stay composed.
361 | They struggled with wonder but tried to stay composed.
362 | They struggled with fear but tried to stay composed.
365 | It reflected a genuine feeling of awe.
366 | They experienced empathy in a quiet moment.
367 | They struggled with sense of awe but tried to stay composed.
375 | Everyone noticed the empathy in that moment.
377 | There was a clear sense of sympathy throughout the day.
382 | A sudden feeling of calmness filled their heart.
385 | They struggled with calmness but tried to stay composed.
386 | They struggled with deeply moved but tried to stay composed.
388 | It was a moment marked by understanding others.
392 | They experienced happy in a quiet moment.
393 | They struggled with sign of hope but tried to stay composed.
396 | They struggled with acceptance but tried to stay composed.
399 | They struggled with panic but tried to stay composed.
400 | A sudden feeling of angry filled their heart.
403 | They struggled with sense of awe but tried to stay composed.
406 | They struggled with human connection but tried to stay composed.
408 | They struggled with mercy but tried to stay composed.
412 | They struggled with grateful but tried to stay composed.
417 | Everyone noticed the expressed sadness in that moment.
418 | They experienced sense of awe in a quiet moment.
424 | It was a moment marked by sympathy.
431 | It was a moment marked by compassion.
447 | You could sense the frightened in their voice.
450 | That experience left them with lasting sympathy.
453 | A sudden feeling of joy filled their heart.
454 | They struggled with awe but tried to stay composed.
455 | They experienced human connection in a quiet moment.
458 | You could sense the felt sympathy in their voice.
466 | It reflected a genuine feeling of connectedness.
467 | They experienced awe in a quiet moment.
469 | They struggled with anger but tried to stay composed.
471 | The situation brought out deep expressed fear.
473 | The situation brought out deep compassionate.
479 | They experienced thankful in a quiet moment.
482 | There was a clear sense of hopeful throughout the day.
484 | A sudden feeling of sympathy filled their heart.
490 | They struggled with loneliness but tried to stay composed.
491 | They struggled with expressed hope but tried to stay composed.
497 | Everyone noticed the sign of hope in that moment.
503 | They experienced sympathy in a quiet moment.
508 | Everyone noticed the deeply moved in that moment.
515 | You could sense the sadness in their voice.
517 | A sudden feeling of peace of mind filled their heart.
522 | Everyone noticed the empathy in that moment.
524 | A sudden feeling of felt regret filled their heart.
525 | It was a moment marked by felt sympathy.
526 | A sudden feeling of heartbroken filled their heart.
538 | They struggled with frightened but tried to stay composed.
541 | Everyone noticed the understanding others in that moment.
543 | The situation brought out deep expressed gratitude.
544 | They struggled with frightened but tried to stay composed.
548 | You could sense the expressed fear in their voice.
550 | They struggled with grief but tried to stay composed.
556 | A sudden feeling of happy filled their heart.
565 | They struggled with expressed regret but tried to stay composed.
568 | They struggled with thankful but tried to stay composed.
574 | A sudden feeling of felt sympathy filled their heart.
575 | They struggled with regret but tried to stay composed.
579 | They struggled with hopeful but tried to stay composed.
580 | Everyone noticed the connectedness in that moment.
581 | They experienced hope in a quiet moment.
582 | There was a clear sense of social isolation throughout the day.
585 | A sudden feeling of delight filled their heart.
589 | They experienced human connection in a quiet moment.
590 | The situation brought out deep angry.
591 | It was a moment marked by grief.
592 | They struggled with social isolation but tried to stay composed.
600 | They experienced joy in a quiet moment.
606 | A sudden feeling of compassionate filled their heart.
610 | The situation brought out deep understanding others.
615 | A sudden feeling of felt sympathy filled their heart.
622 | That experience left them with lasting sympathy.
624 | You could sense the expressed joy in their voice.
627 | They struggled with sympathy but tried to stay composed.
632 | You could sense the expressed sadness in their voice.
636 | They struggled with letting go but tried to stay composed.
637 | They struggled with angry but tried to stay composed.
641 | They struggled with expressed joy but tried to stay composed.
647 | Everyone noticed the felt sympathy in that moment.
650 | They experienced peace of mind in a quiet moment.
652 | There was a clear sense of sympathy throughout the day.
653 | They struggled with expressed anger but tried to stay composed.
656 | A sudden feeling of happiness filled their heart.
662 | They struggled with expressed hope but tried to stay composed.
668 | That experience left them with lasting felt sympathy.
673 | They struggled with expressed fear but tried to stay composed.
674 | A sudden feeling of connectedness filled their heart.
678 | You could sense the gratitude in their voice.
683 | They experienced felt sympathy in a quiet moment.
686 | There was a clear sense of sign of hope throughout the day.
688 | They struggled with afraid but tried to stay composed.
690 | That experience left them with lasting lonely.
692 | They struggled with gratitude but tried to stay composed.
697 | They experienced felt sympathy in a quiet moment.
699 | They struggled with gratitude but tried to stay composed.
703 | You could sense the happy in their voice.
707 | Everyone noticed the peace of mind in that moment.
711 | They struggled with inner peace but tried to stay composed.
713 | They experienced joy in a quiet moment.
715 | There was a clear sense of felt sympathy throughout the day.
722 | A sudden feeling of happy filled their heart.
733 | They struggled with expressed gratitude but tried to stay composed.
734 | You could sense the sign of hope in their voice.
737 | A sudden feeling of understanding others filled their heart.
738 | There was a clear sense of understanding others throughout the day.
740 | They struggled with regret but tried to stay composed.
742 | Everyone noticed the understanding others in that moment.
745 | Everyone noticed the deeply moved in that moment.
746 | It was a moment marked by understanding others.
747 | You could sense the human connection in their voice.
752 | They struggled with compassion but tried to stay composed.
761 | They struggled with acceptance but tried to stay composed.
762 | A sudden feeling of sense of awe filled their heart.
764 | They struggled with expressed gratitude but tried to stay composed.
768 | Everyone noticed the sign of hope in that moment.
773 | A sudden feeling of sad filled their heart.
781 | They struggled with awe but tried to stay composed.
784 | They struggled with hope but tried to stay composed.
791 | You could sense the expressed gratitude in their voice.
792 | You could sense the felt regret in their voice.
797 | The situation brought out deep human connection.
801 | Everyone noticed the gratitude in that moment.
805 | Everyone noticed the peace of mind in that moment.
806 | Everyone noticed the empathy in that moment.
807 | It was a moment marked by grateful.
811 | They struggled with empathy but tried to stay composed.
814 | You could sense the happy in their voice.
818 | They struggled with mourning but tried to stay composed.
820 | They experienced wonder in a quiet moment.
829 | There was a clear sense of terrified throughout the day.
835 | It reflected a genuine feeling of lonely.
855 | It was a moment marked by sad.
856 | A sudden feeling of expressed hope filled their heart.
857 | They struggled with grief but tried to stay composed.
858 | You could sense the expressed hope in their voice.
861 | There was a clear sense of understanding others throughout the day.
862 | They struggled with angry but tried to stay composed.
865 | They struggled with sympathy but tried to stay composed.
867 | They struggled with thankful but tried to stay composed.
871 | They experienced calmness in a quiet moment.
876 | They struggled with peace of mind but tried to stay composed.
878 | They struggled with remorse but tried to stay composed.
892 | A sudden feeling of expressed gratitude filled their heart.
899 | They struggled with expressed hope but tried to stay composed.
902 | They experienced joy in a quiet moment.
908 | That experience left them with lasting deeply moved.
911 | A sudden feeling of hopeful filled their heart.
916 | There was a clear sense of awe throughout the day.
917 | They struggled with gratitude but tried to stay composed.
920 | There was a clear sense of compassionate throughout the day.
924 | It reflected a genuine feeling of connectedness.
935 | The situation brought out deep empathy.
937 | They struggled with joy but tried to stay composed.
938 | The situation brought out deep anger.
942 | You could sense the sign of hope in their voice.
947 | A sudden feeling of inner peace filled their heart.
948 | That experience left them with lasting hopeful.
957 | There was a clear sense of letting go throughout the day.
958 | The situation brought out deep empathy.
963 | They struggled with lonely but tried to stay composed.
964 | You could sense the expressed regret in their voice.
965 | A sudden feeling of sadness filled their heart.
980 | A sudden feeling of connectedness filled their heart.
981 | They struggled with happiness but tried to stay composed.
983 | It was a moment marked by connectedness.
998 | They struggled with delight but tried to stay composed.
1008 | They struggled with expressed anger but tried to stay composed.
1010 | They struggled with mourning but tried to stay composed.
1011 | A sudden feeling of grief filled their heart.
1013 | They struggled with sad but tried to stay composed.
1015 | They experienced understanding others in a quiet moment.
1017 | They struggled with expressed regret but tried to stay composed.
1021 | They struggled with wonder but tried to stay composed.
1027 | They struggled with sign of hope but tried to stay composed.
1028 | A sudden feeling of mourning filled their heart.
1038 | It reflected a genuine feeling of acceptance.
1041 | You could sense the compassion in their voice.
1042 | They struggled with sad but tried to stay composed.
1047 | They struggled with hope but tried to stay composed.
1048 | There was a clear sense of happiness throughout the day.
1056 | You could sense the hope in their voice.
1065 | They struggled with outrage but tried to stay composed.
1067 | They struggled with awe but tried to stay composed.
1068 | They struggled with wonder but tried to stay composed.
1075 | They struggled with anger but tried to stay composed.
1076 | They struggled with awe but tried to stay composed.
1078 | A sudden feeling of letting go filled their heart.
1090 | It was a moment marked by sympathy.
1094 | They experienced thankful in a quiet moment.
1102 | A sudden feeling of happiness filled their heart.
1111 | They struggled with thankful but tried to stay composed.
1113 | You could sense the empathy in their voice.
1114 | They struggled with lonely but tried to stay composed.
1115 | You could sense the grateful in their voice.
1123 | They struggled with fear but tried to stay composed.
1125 | There was a clear sense of sadness throughout the day.
1131 | Everyone noticed the understanding others in that moment.
1132 | You could sense the afraid in their voice.
1134 | A sudden feeling of felt sympathy filled their heart.
1138 | You could sense the mercy in their voice.
1141 | A sudden feeling of lonely filled their heart.
1145 | A sudden feeling of expressed anger filled their heart.
1152 | They struggled with isolation but tried to stay composed.
1153 | They struggled with mercy but tried to stay composed.
1157 | There was a clear sense of sympathy throughout the day.
1162 | The situation brought out deep mercy.
1164 | They struggled with isolation but tried to stay composed.
1166 | They experienced awe in a quiet moment.
1175 | That experience left them with lasting deeply moved.
1178 | The situation brought out deep fear.
1192 | It reflected a genuine feeling of expressed hope.
